<?xml version="1.0" encoding="UTF-8"?>
<testsuite name="Test" tests="2" skipped="0" failures="0" errors="0" timestamp="2020-11-26T18:24:19" hostname="DESKTOP-J3NPF6B" time="0.004">
  <properties/>
  <testcase name="testNegative" classname="Test" time="0.004"/>
  <testcase name="testLargeNumber" classname="Test" time="0.0"/>
  <system-out><![CDATA[]]></system-out>
  <system-err><![CDATA[]]></system-err>
</testsuite>
