<?xml version="1.0" encoding="UTF-8"?>
<testsuite name="TestSealedClasses" tests="3" skipped="0" failures="0" errors="0" timestamp="2020-11-28T22:16:12" hostname="DESKTOP-J3NPF6B" time="0.021">
  <properties/>
  <testcase name="testNum" classname="TestSealedClasses" time="0.013"/>
  <testcase name="testSum" classname="TestSealedClasses" time="0.004"/>
  <testcase name="testRecursion" classname="TestSealedClasses" time="0.002"/>
  <system-out><![CDATA[]]></system-out>
  <system-err><![CDATA[]]></system-err>
</testsuite>
