<?xml version="1.0" encoding="UTF-8"?>
<testsuite name="TestSmartCasts" tests="3" skipped="0" failures="0" errors="0" timestamp="2020-11-26T19:44:46" hostname="DESKTOP-J3NPF6B" time="0.015">
  <properties/>
  <testcase name="testNum" classname="TestSmartCasts" time="0.009"/>
  <testcase name="testSum" classname="TestSmartCasts" time="0.004"/>
  <testcase name="testRecursion" classname="TestSmartCasts" time="0.001"/>
  <system-out><![CDATA[]]></system-out>
  <system-err><![CDATA[]]></system-err>
</testsuite>
