<?xml version="1.0" encoding="UTF-8"?>
<testsuite name="TestExtensionFunctions" tests="2" skipped="0" failures="0" errors="0" timestamp="2020-12-06T05:01:21" hostname="DESKTOP-J3NPF6B" time="0.01">
  <properties/>
  <testcase name="testPairExtension" classname="TestExtensionFunctions" time="0.01"/>
  <testcase name="testIntExtension" classname="TestExtensionFunctions" time="0.0"/>
  <system-out><![CDATA[]]></system-out>
  <system-err><![CDATA[]]></system-err>
</testsuite>
