<?xml version="1.0" encoding="UTF-8"?>
<testsuite name="Test" tests="1" skipped="0" failures="0" errors="0" timestamp="2020-11-29T22:04:02" hostname="DESKTOP-J3NPF6B" time="0.037">
  <properties/>
  <testcase name="testRandom" classname="Test" time="0.037"/>
  <system-out><![CDATA[]]></system-out>
  <system-err><![CDATA[]]></system-err>
</testsuite>
