<?xml version="1.0" encoding="UTF-8"?>
<testsuite name="TestDataClasses" tests="2" skipped="0" failures="0" errors="0" timestamp="2020-11-26T19:08:43" hostname="DESKTOP-J3NPF6B" time="0.032">
  <properties/>
  <testcase name="testComparePeople" classname="TestDataClasses" time="0.009"/>
  <testcase name="testListOfPeople" classname="TestDataClasses" time="0.023"/>
  <system-out><![CDATA[]]></system-out>
  <system-err><![CDATA[]]></system-err>
</testsuite>
