<?xml version="1.0" encoding="UTF-8"?>
<testsuite name="Test" tests="1" skipped="0" failures="0" errors="0" timestamp="2020-11-23T04:26:07" hostname="DESKTOP-J3NPF6B" time="0.042">
  <properties/>
  <testcase name="testSolution" classname="Test" time="0.042"/>
  <system-out><![CDATA[]]></system-out>
  <system-err><![CDATA[]]></system-err>
</testsuite>
