<?xml version="1.0" encoding="UTF-8"?>
<testsuite name="TestLambdas" tests="2" skipped="0" failures="0" errors="0" timestamp="2020-11-26T19:00:42" hostname="DESKTOP-J3NPF6B" time="0.027">
  <properties/>
  <testcase name="contains" classname="TestLambdas" time="0.026"/>
  <testcase name="notContains" classname="TestLambdas" time="0.001"/>
  <system-out><![CDATA[]]></system-out>
  <system-err><![CDATA[]]></system-err>
</testsuite>
